2016-04-22 16:45:13|280160|Site A|Home|Banner A|MX|http://mysite.com/assets/b882f479-28b5-4453-b8b0-4774fc62db13|http://mysite.com/assets/banner.jpg|1|280160|320x128
2016-04-22 16:45:13|280160|Site A|Home|Banner A|MX|http://mysite.com/assets/b882f479-28b5-4453-b8b0-4774fc62db13|http://mysite.com/assets/banner.jpg|1|280160|320x128
2016-04-22 16:45:13|280160|Site A|Home|Banner A|MX|http://mysite.com/assets/b882f479-28b5-4453-b8b0-4774fc62db13|http://mysite.com/assets/banner.jpg|1|280160|320x128
2016-04-22 16:45:13|280160|Site A|Home|Banner A|MX|http://mysite.com/assets/b882f479-28b5-4453-b8b0-4774fc62db13|http://mysite.com/assets/banner.jpg|1|280160|320x128
2016-04-22 16:45:13|280161|Site B|Home|Banner B|MX|http://mysite.com/assets/b882f479-28b5-4453-b8b0-4774fc62db13|http://mysite.com/assets/banner.jpg|1|280161|320x128
2016-04-22 16:45:13|280161|Site B|Home|Banner B|MX|http://mysite.com/assets/b882f479-28b5-4453-b8b0-4774fc62db13|http://mysite.com/assets/banner.jpg|1|280161|320x128
2016-04-22 16:45:13|280161|Site B|Home|Banner B|MX|http://mysite.com/assets/b882f479-28b5-4453-b8b0-4774fc62db13|http://mysite.com/assets/banner.jpg|1|280161|320x128
2016-04-22 16:45:13|280161|Site B|Home|Banner B|MX|http://mysite.com/assets/b882f479-28b5-4453-b8b0-4774fc62db13|http://mysite.com/assets/banner.jpg|1|280161|320x128
2016-04-22 16:45:13|280161|Site B|Home|Banner B|MX|http://mysite.com/assets/b882f479-28b5-4453-b8b0-4774fc62db13|http://mysite.com/assets/banner.jpg|1|280161|320x128
2016-04-22 16:45:13|280161|Site B|Home|Banner B|MX|http://mysite.com/assets/b882f479-28b5-4453-b8b0-4774fc62db13|http://mysite.com/assets/banner.jpg|1|280161|320x128
2016-04-22 16:45:13|280162|Site C|Home|Banner C|MX|http://mysite.com/assets/b882f479-28b5-4453-b8b0-4774fc62db13|http://mysite.com/assets/banner.jpg|1|280162|320x128
2016-04-22 16:45:13|280162|Site C|Home|Banner C|MX|http://mysite.com/assets/b882f479-28b5-4453-b8b0-4774fc62db13|http://mysite.com/assets/banner.jpg|1|280162|320x128
2016-04-22 16:45:13|280162|Site C|Home|Banner C|MX|http://mysite.com/assets/b882f479-28b5-4453-b8b0-4774fc62db13|http://mysite.com/assets/banner.jpg|1|280162|320x128
2016-04-22 16:45:13|280162|Site C|Home|Banner C|MX|http://mysite.com/assets/b882f479-28b5-4453-b8b0-4774fc62db13|http://mysite.com/assets/banner.jpg|1|280162|320x128
2016-04-22 16:45:13|280162|Site C|Home|Banner C|MX|http://mysite.com/assets/b882f479-28b5-4453-b8b0-4774fc62db13|http://mysite.com/assets/banner.jpg|1|280162|320x128
2016-04-22 16:45:13|280162|Site C|Home|Banner C|MX|http://mysite.com/assets/b882f479-28b5-4453-b8b0-4774fc62db13|http://mysite.com/assets/banner.jpg|1|280162|320x128
2016-04-22 16:45:13|280162|Site C|Home|Banner C|MX|http://mysite.com/assets/b882f479-28b5-4453-b8b0-4774fc62db13|http://mysite.com/assets/banner.jpg|1|280162|320x128
2016-04-22 16:45:13|280162|Site C|Home|Banner C|MX|http://mysite.com/assets/b882f479-28b5-4453-b8b0-4774fc62db13|http://mysite.com/assets/banner.jpg|1|280162|320x128
2016-04-22 16:45:13|280162|Site C|Home|Banner C|MX|http://mysite.com/assets/b882f479-28b5-4453-b8b0-4774fc62db13|http://mysite.com/assets/banner.jpg|1|280162|320x128
2016-04-22 16:45:13|280162|Site C|Home|Banner C|MX|http://mysite.com/assets/b882f479-28b5-4453-b8b0-4774fc62db13|http://mysite.com/assets/banner.jpg|1|280162|320x128
2016-04-22 16:45:13|280162|Site C|Home|Banner C|MX|http://mysite.com/assets/b882f479-28b5-4453-b8b0-4774fc62db13|http://mysite.com/assets/banner.jpg|1|280162|320x128
2016-04-22 16:45:13|280162|Site C|Home|Banner C|MX|http://mysite.com/assets/b882f479-28b5-4453-b8b0-4774fc62db13|http://mysite.com/assets/banner.jpg|1|280162|320x128
2016-04-22 16:45:13|280162|Site C|Home|Banner C|MX|http://mysite.com/assets/b882f479-28b5-4453-b8b0-4774fc62db13|http://mysite.com/assets/banner.jpg|1|280162|320x128
2016-04-22 16:45:13|BR-280163|Site A|Home|Banner D|BR|http://mysite.com/assets/b882f479-28b5-4453-b8b0-4774fc62db13|http://mysite.com/assets/banner.jpg|1|280163|320x128
2016-04-22 16:45:13|BR-280163|Site A|Home|Banner D|BR|http://mysite.com/assets/b882f479-28b5-4453-b8b0-4774fc62db13|http://mysite.com/assets/banner.jpg|1|280163|320x128
2016-04-22 16:45:13|BR-280163|Site A|Home|Banner D|BR|http://mysite.com/assets/b882f479-28b5-4453-b8b0-4774fc62db13|http://mysite.com/assets/banner.jpg|1|280163|320x128
2016-04-22 16:45:13|BR-280163|Site A|Home|Banner D|BR|http://mysite.com/assets/b882f479-28b5-4453-b8b0-4774fc62db13|http://mysite.com/assets/banner.jpg|1|280163|320x128
2016-04-22 16:45:13|BR-280163|Site A|Home|Banner D|BR|http://mysite.com/assets/b882f479-28b5-4453-b8b0-4774fc62db13|http://mysite.com/assets/banner.jpg|1|280163|320x128
2016-04-22 16:45:13|BR-280163|Site A|Home|Banner D|BR|http://mysite.com/assets/b882f479-28b5-4453-b8b0-4774fc62db13|http://mysite.com/assets/banner.jpg|1|280163|320x128
2016-04-22 16:45:13|BR-280163|Site A|Home|Banner D|BR|http://mysite.com/assets/b882f479-28b5-4453-b8b0-4774fc62db13|http://mysite.com/assets/banner.jpg|1|280163|320x128
2016-04-22 16:45:13|BR-280163|Site A|Home|Banner D|BR|http://mysite.com/assets/b882f479-28b5-4453-b8b0-4774fc62db13|http://mysite.com/assets/banner.jpg|1|280163|320x128
2016-04-22 16:45:13|BR-280163|Site A|Home|Banner D|BR|http://mysite.com/assets/b882f479-28b5-4453-b8b0-4774fc62db13|http://mysite.com/assets/banner.jpg|1|280163|320x128
2016-04-22 16:45:13|BR-280163|Site A|Home|Banner D|BR|http://mysite.com/assets/b882f479-28b5-4453-b8b0-4774fc62db13|http://mysite.com/assets/banner.jpg|1|280163|320x128
2016-04-22 16:45:13|BR-280163|Site A|Home|Banner D|BR|http://mysite.com/assets/b882f479-28b5-4453-b8b0-4774fc62db13|http://mysite.com/assets/banner.jpg|1|280163|320x128
2016-04-22 16:45:13|BR-280161|Site B|Home|Banner B|BR|http://mysite.com/assets/b882f479-28b5-4453-b8b0-4774fc62db13|http://mysite.com/assets/banner.jpg|1|280161|320x128
2016-04-22 16:45:13|BR-280161|Site B|Home|Banner B|BR|http://mysite.com/assets/b882f479-28b5-4453-b8b0-4774fc62db13|http://mysite.com/assets/banner.jpg|1|280161|320x128
2016-04-22 16:45:13|BR-280161|Site B|Home|Banner B|BR|http://mysite.com/assets/b882f479-28b5-4453-b8b0-4774fc62db13|http://mysite.com/assets/banner.jpg|1|280161|320x128
2016-04-22 16:45:13|BR-280162|Site C|Home|Banner C|BR|http://mysite.com/assets/b882f479-28b5-4453-b8b0-4774fc62db13|http://mysite.com/assets/banner.jpg|1|280162|320x128
2016-04-22 16:45:13|BR-280162|Site C|Home|Banner C|BR|http://mysite.com/assets/b882f479-28b5-4453-b8b0-4774fc62db13|http://mysite.com/assets/banner.jpg|1|280162|320x128
2016-04-22 16:45:13|BR-280162|Site C|Home|Banner C|BR|http://mysite.com/assets/b882f479-28b5-4453-b8b0-4774fc62db13|http://mysite.com/assets/banner.jpg|1|280162|320x128
2016-04-22 16:45:13|BR-280162|Site C|Home|Banner C|BR|http://mysite.com/assets/b882f479-28b5-4453-b8b0-4774fc62db13|http://mysite.com/assets/banner.jpg|1|280162|320x128
2016-04-22 16:45:13|BR-280162|Site C|Home|Banner C|BR|http://mysite.com/assets/b882f479-28b5-4453-b8b0-4774fc62db13|http://mysite.com/assets/banner.jpg|1|280162|320x128
2016-04-22 16:45:13|BR-280162|Site C|Home|Banner C|BR|http://mysite.com/assets/b882f479-28b5-4453-b8b0-4774fc62db13|http://mysite.com/assets/banner.jpg|1|280162|320x128
